<?xml version="1.0" encoding="UTF-8"?>
<!-- Generated by org.testng.reporters.JUnitXMLReporter -->
<testsuite ignored="0" hostname="DESKTOP-65LSBDS" failures="0" tests="4" name="Test" time="0.088" errors="0" timestamp="2020-04-25T13:58:12 CDT">
  <testcase classname="MavenProject.AppiumTest" name="testAndroid" time="0.016"/>
  <testcase classname="MavenProject.AppiumTest" name="testIOS" time="0.002"/>
  <testcase classname="MavenProject.RESTAPITest" name="restTest" time="0.002"/>
  <testcase classname="MavenProject.RESTAPITest" name="twitter" time="0.002"/>
</testsuite> <!-- Test -->
