<?xml version="1.0" encoding="UTF-8"?>
<!-- Generated by org.testng.reporters.JUnitXMLReporter -->
<testsuite ignored="0" hostname="DESKTOP-65LSBDS" failures="0" tests="6" name="Test" time="0.062" errors="0" timestamp="2020-04-23T13:59:15 CDT">
  <testcase classname="MavenProject.AppiumTest" name="testAndroid" time="0.016"/>
  <testcase classname="MavenProject.AppiumTest" name="testIOS" time="0.0"/>
  <testcase classname="MavenProject.RESTAPITest" name="restTest" time="0.0"/>
  <testcase classname="MavenProject.RESTAPITest" name="twitter" time="0.0"/>
  <testcase classname="MavenProject.SeleniumTest" name="automateBrowser" time="0.015"/>
  <testcase classname="MavenProject.SeleniumTest" name="findElement" time="0.0"/>
</testsuite> <!-- Test -->
