<?xml version="1.0" encoding="UTF-8"?>
<testng-results ignored="0" total="2" passed="2" failed="0" skipped="0">
  <reporter-output>
  </reporter-output>
  <suite started-at="2020-04-25T13:58:51 CDT" name="Default suite" finished-at="2020-04-25T13:58:51 CDT" duration-ms="74">
    <groups>
    </groups>
    <test started-at="2020-04-25T13:58:51 CDT" name="Default test" finished-at="2020-04-25T13:58:51 CDT" duration-ms="74">
      <class name="MavenProject.AppiumTest">
        <test-method signature="testAndroid()[pri:0, instance:MavenProject.AppiumTest@5276e6b0]" started-at="2020-04-25T13:58:51 CDT" name="testAndroid" finished-at="2020-04-25T13:58:51 CDT" duration-ms="13" status="PASS">
          <reporter-output>
          </reporter-output>
        </test-method> <!-- testAndroid -->
        <test-method signature="testIOS()[pri:0, instance:MavenProject.AppiumTest@5276e6b0]" started-at="2020-04-25T13:58:51 CDT" name="testIOS" finished-at="2020-04-25T13:58:51 CDT" duration-ms="2" status="PASS">
          <reporter-output>
          </reporter-output>
        </test-method> <!-- testIOS -->
      </class> <!-- MavenProject.AppiumTest -->
    </test> <!-- Default test -->
  </suite> <!-- Default suite -->
</testng-results>
